<?xml version="1.0" encoding="UTF-8"?>
<!-- Generated by org.testng.reporters.JUnitReportReporter -->
<testsuite skipped="0" hostname="WIN-JIQLP8DBK4D" name="com.makemytrip.qa.testcases.FlightsTest" tests="3" failures="0" timestamp="2020-05-11T01:32:50 PDT" time="128.137" errors="0">
  <testcase name="switchToFlights" time="1.257" classname="com.makemytrip.qa.testcases.FlightsTest"/>
  <system-out/>
  <testcase name="flightSearch" time="103.165" classname="com.makemytrip.qa.testcases.FlightsTest"/>
  <system-out/>
  <testcase name="findCheapest" time="23.715" classname="com.makemytrip.qa.testcases.FlightsTest"/>
  <system-out/>
</testsuite> <!-- com.makemytrip.qa.testcases.FlightsTest -->
