<?xml version="1.0" encoding="UTF-8"?>
<!-- Generated by org.testng.reporters.JUnitReportReporter -->
<testsuite skipped="0" hostname="WIN-JIQLP8DBK4D" name="com.makemytrip.qa.testcases.Flights_FindCostliest" tests="1" failures="0" timestamp="2020-05-14T04:44:21 PDT" time="19.034" errors="0">
  <testcase name="findCostliest" time="19.034" classname="com.makemytrip.qa.testcases.Flights_FindCostliest"/>
  <system-out/>
</testsuite> <!-- com.makemytrip.qa.testcases.Flights_FindCostliest -->
