<?xml version="1.0" encoding="UTF-8"?>
<!-- Generated by org.testng.reporters.JUnitReportReporter -->
<testsuite skipped="0" hostname="WIN-JIQLP8DBK4D" name="com.makemytrip.qa.testcases.LoginPageTest" tests="1" failures="0" timestamp="2020-05-12T11:00:49 PDT" time="38.770" errors="0">
  <testcase name="PersonalAccountLogin" time="38.770" classname="com.makemytrip.qa.testcases.LoginPageTest"/>
  <system-out/>
</testsuite> <!-- com.makemytrip.qa.testcases.LoginPageTest -->
