<?xml version="1.0" encoding="UTF-8"?>
<!-- Generated by org.testng.reporters.JUnitReportReporter -->
<testsuite skipped="0" hostname="WIN-JIQLP8DBK4D" name="com.makemytrip.qa.testcases.Flights_FindCheapestAndProceedBooking" tests="1" failures="0" timestamp="2020-05-14T02:47:23 PDT" time="14.072" errors="0">
  <testcase name="findCheapest" time="14.072" classname="com.makemytrip.qa.testcases.Flights_FindCheapestAndProceedBooking"/>
  <system-out/>
</testsuite> <!-- com.makemytrip.qa.testcases.Flights_FindCheapestAndProceedBooking -->
