<?xml version="1.0" encoding="UTF-8"?>
<!-- Generated by org.testng.reporters.JUnitReportReporter -->
<testsuite skipped="0" hostname="WIN-JIQLP8DBK4D" name="com.makemytrip.qa.testcases.Flights_SearchFlights" tests="2" failures="0" timestamp="2020-05-11T02:23:45 PDT" time="106.683" errors="0">
  <testcase name="switchToFlights" time="1.234" classname="com.makemytrip.qa.testcases.Flights_SearchFlights"/>
  <system-out/>
  <testcase name="flightSearch" time="105.449" classname="com.makemytrip.qa.testcases.Flights_SearchFlights"/>
  <system-out/>
</testsuite> <!-- com.makemytrip.qa.testcases.Flights_SearchFlights -->
