<?xml version="1.0" encoding="UTF-8"?>
<!-- Generated by org.testng.reporters.JUnitReportReporter -->
<testsuite skipped="0" hostname="WIN-JIQLP8DBK4D" name="com.makemytrip.qa.testcases.Flights_FindCheapest" tests="1" failures="0" timestamp="2020-05-14T04:48:14 PDT" time="8.665" errors="0">
  <testcase name="findCheapest" time="8.665" classname="com.makemytrip.qa.testcases.Flights_FindCheapest"/>
  <system-out/>
</testsuite> <!-- com.makemytrip.qa.testcases.Flights_FindCheapest -->
